WARNING: A terminally deprecated method in sun.misc.Unsafe has been called
WARNING: sun.misc.Unsafe::objectFieldOffset has been called by akka.util.Unsafe (file:/Users/alexandershein/.cache/firebase/emulators/firebase-database-emulator-v4.11.2.jar)
WARNING: Please consider reporting this to the maintainers of class akka.util.Unsafe
WARNING: sun.misc.Unsafe::objectFieldOffset will be removed in a future release
13:49:51.002 [NamespaceSystem-akka.actor.default-dispatcher-5] INFO akka.event.slf4j.Slf4jLogger - Slf4jLogger started
13:49:51.107 [main] INFO com.firebase.server.forge.App$ - Listening at 127.0.0.1:9000
13:49:51.441 [NamespaceSystem-akka.actor.default-dispatcher-5] INFO com.firebase.core.namespace.NamespaceActor - thehat-game-default-rtdb successfully activated FBKV (SurveyIdle(0)) wait: 81ms, init: 0ms
13:49:51.500 [NamespaceSystem-blocking-namespace-operation-dispatcher-7] INFO com.firebase.core.namespace.StateManager - Namespace thehat-game-default-rtdb status Active to Active
13:49:53.521 [FirebaseWorkerPool-1-3] WARN com.firebase.core.persistence.backend.dummy.EmulatorMetadataPersistence - Multiple projectIds are not recommended in single project mode. Requested 
namespace demo-thehat-test, but the emulator is configured for thehat-game-default-rtdb. To 
opt-out of single project mode add/set the singleProjectMode: false property in 
the firebase.json emulators config. 
13:49:53.534 [NamespaceSystem-akka.actor.default-dispatcher-8] INFO com.firebase.core.namespace.NamespaceActor - demo-thehat-test successfully activated FBKV (SurveyIdle(0)) wait: 5ms, init: 0ms
13:49:53.577 [NamespaceSystem-blocking-namespace-operation-dispatcher-9] INFO com.firebase.core.namespace.StateManager - Namespace demo-thehat-test status Active to Active
13:49:54.045 [FirebaseWorkerPool-1-1] WARN com.firebase.server.forge.App$ - Received service account token eyJh...fX0., assuming ownership.
13:49:54.130 [FirebaseWorkerPool-1-3] WARN com.firebase.server.forge.App$ - Received service account token eyJh...fX0., assuming ownership.
13:49:54.149 [FirebaseWorkerPool-1-4] WARN com.firebase.server.forge.App$ - Received service account token eyJh...fX0., assuming ownership.
13:49:55.129 [Thread-0] INFO com.firebase.server.forge.App$ - Attempting graceful shutdown.
13:49:55.136 [NamespaceSystem-akka.actor.default-dispatcher-14] INFO com.firebase.core.namespace.Terminator$Terminator - 2 actors left to terminate: demo-thehat-test, thehat-game-default-rtdb
13:49:55.141 [NamespaceSystem-akka.actor.default-dispatcher-11] INFO com.firebase.core.namespace.NamespaceActor - stopped namespace actor for demo-thehat-test
13:49:55.141 [NamespaceSystem-akka.actor.default-dispatcher-5] INFO com.firebase.core.namespace.NamespaceActor - stopped namespace actor for thehat-game-default-rtdb
13:49:55.145 [Thread-0] INFO com.firebase.server.forge.App$ - Graceful shutdown complete.
